Using pre-set license
Built from '2020.3/staging' branch; Version is '2020.3.14f1 (d0d1bb862f9d) revision 13685179'; Using compiler version '192528614'; Build Type 'Release'
OS: 'Windows 10 Pro; OS build 19043.1566; Version 2009; 64bit' Language: 'es' Physical Memory: 8129 MB
BatchMode: 1, IsHumanControllingUs: 0, StartBugReporterOnCrash: 0, Is64bit: 1, IsPro: 0

 COMMAND LINE ARGUMENTS:
C:\Program Files\Unity\Hub\Editor\2020.3.14f1\Editor\Unity.exe
-adb2
-batchMode
-noUpm
-name
AssetImportWorker0
-projectPath
G:/ExamenSuperMario/Examen_Mario
-logFile
Logs/AssetImportWorker0.log
-srvPort
62833
Successfully changed project path to: G:/ExamenSuperMario/Examen_Mario
G:/ExamenSuperMario/Examen_Mario
Using Asset Import Pipeline V2.
Refreshing native plugins compatible for Editor in 44.01 ms, found 3 plugins.
Preloading 0 native plugins for Editor in 0.00 ms.
Initialize engine version: 2020.3.14f1 (d0d1bb862f9d)
[Subsystems] Discovering subsystems at path C:/Program Files/Unity/Hub/Editor/2020.3.14f1/Editor/Data/Resources/UnitySubsystems
[Subsystems] Discovering subsystems at path G:/ExamenSuperMario/Examen_Mario/Assets
GfxDevice: creating device client; threaded=0
Direct3D:
    Version:  Direct3D 11.0 [level 11.1]
    Renderer: NVIDIA GeForce GTX 1050 (ID=0x1c81)
    Vendor:   
    VRAM:     1977 MB
    Driver:   30.0.14.7141
Initialize mono
Mono path[0] = 'C:/Program Files/Unity/Hub/Editor/2020.3.14f1/Editor/Data/Managed'
Mono path[1] = 'C:/Program Files/Unity/Hub/Editor/2020.3.14f1/Editor/Data/MonoBleedingEdge/lib/mono/unityjit'
Mono config path = 'C:/Program Files/Unity/Hub/Editor/2020.3.14f1/Editor/Data/MonoBleedingEdge/etc'
Using monoOptions --debugger-agent=transport=dt_socket,embedding=1,server=y,suspend=n,address=127.0.0.1:56368
Begin MonoManager ReloadAssembly
Registering precompiled unity dll's ...
Register platform support module: C:/Program Files/Unity/Hub/Editor/2020.3.14f1/Editor/Data/PlaybackEngines/WindowsStandaloneSupport/UnityEditor.WindowsStandalone.Extensions.dll
Registered in 0.002517 seconds.
Native extension for WindowsStandalone target not found
Refreshing native plugins compatible for Editor in 43.81 ms, found 3 plugins.
Preloading 0 native plugins for Editor in 0.00 ms.
Mono: successfully reloaded assembly
- Completed reload, in  1.409 seconds
Domain Reload Profiling:
	ReloadAssembly (1409ms)
		BeginReloadAssembly (68ms)
			ExecutionOrderSort (0ms)
			DisableScriptedObjects (0ms)
			BackupInstance (0ms)
			ReleaseScriptingObjects (0ms)
			CreateAndSetChildDomain (1ms)
		EndReloadAssembly (507ms)
			LoadAssemblies (65ms)
			RebuildTransferFunctionScriptingTraits (0ms)
			SetupTypeCache (180ms)
			ReleaseScriptCaches (0ms)
			RebuildScriptCaches (36ms)
			SetupLoadedEditorAssemblies (214ms)
				LogAssemblyErrors (0ms)
				InitializePlatformSupportModulesInManaged (4ms)
				SetLoadedEditorAssemblies (0ms)
				RefreshPlugins (44ms)
				BeforeProcessingInitializeOnLoad (11ms)
				ProcessInitializeOnLoadAttributes (122ms)
				ProcessInitializeOnLoadMethodAttributes (32ms)
				AfterProcessingInitializeOnLoad (0ms)
				EditorAssembliesLoaded (0ms)
			ExecutionOrderSort2 (0ms)
			AwakeInstancesAfterBackupRestoration (0ms)
Platform modules already initialized, skipping
Registering precompiled user dll's ...
Registered in 0.003665 seconds.
Begin MonoManager ReloadAssembly
Native extension for WindowsStandalone target not found
Refreshing native plugins compatible for Editor in 43.50 ms, found 3 plugins.
Preloading 0 native plugins for Editor in 0.00 ms.
Mono: successfully reloaded assembly
- Completed reload, in  1.317 seconds
Domain Reload Profiling:
	ReloadAssembly (1318ms)
		BeginReloadAssembly (177ms)
			ExecutionOrderSort (0ms)
			DisableScriptedObjects (6ms)
			BackupInstance (0ms)
			ReleaseScriptingObjects (0ms)
			CreateAndSetChildDomain (22ms)
		EndReloadAssembly (1057ms)
			LoadAssemblies (106ms)
			RebuildTransferFunctionScriptingTraits (0ms)
			SetupTypeCache (353ms)
			ReleaseScriptCaches (1ms)
			RebuildScriptCaches (57ms)
			SetupLoadedEditorAssemblies (401ms)
				LogAssemblyErrors (0ms)
				InitializePlatformSupportModulesInManaged (5ms)
				SetLoadedEditorAssemblies (0ms)
				RefreshPlugins (44ms)
				BeforeProcessingInitializeOnLoad (97ms)
				ProcessInitializeOnLoadAttributes (232ms)
				ProcessInitializeOnLoadMethodAttributes (16ms)
				AfterProcessingInitializeOnLoad (8ms)
				EditorAssembliesLoaded (0ms)
			ExecutionOrderSort2 (0ms)
			AwakeInstancesAfterBackupRestoration (7ms)
Platform modules already initialized, skipping
========================================================================
Worker process is ready to serve import requests
Launched and connected shader compiler UnityShaderCompiler.exe after 0.04 seconds
Refreshing native plugins compatible for Editor in 0.58 ms, found 3 plugins.
Preloading 0 native plugins for Editor in 0.00 ms.
Unloading 2084 Unused Serialized files (Serialized files now loaded: 0)
System memory in use before: 92.9 MB.
System memory in use after: 92.9 MB.

Unloading 33 unused Assets to reduce memory usage. Loaded Objects now: 2517.
Total: 2.698200 ms (FindLiveObjects: 0.290700 ms CreateObjectMapping: 0.102600 ms MarkObjects: 2.171200 ms  DeleteObjects: 0.132500 ms)

AssetImportParameters requested are different than current active one (requested -> active):
  custom:framework-win-MediaFoundation: 216162199b28c13a410421893ffa2e32 -> 
  custom:video-decoder-ogg-theora: a1e56fd34408186e4bbccfd4996cb3dc -> 
  custom:container-muxer-webm: aa71ff27fc2769a1b78a27578f13a17b -> 
  custom:container-demuxer-webm: 4f35f7cbe854078d1ac9338744f61a02 -> 
  custom:container-demuxer-ogg: 62fdf1f143b41e24485cea50d1cbac27 -> 
  custom:video-encoder-webm-vp8: eb34c28f22e8b96e1ab97ce403110664 -> 
  custom:video-decoder-webm-vp8: 9c59270c3fd7afecdb556c50c9e8de78 -> 
  custom:audio-decoder-ogg-vorbis: bf7c407c2cedff20999df2af8eb42d56 -> 
  custom:audio-encoder-webm-vorbis: bf7c407c2cedff20999df2af8eb42d56 -> 
========================================================================
Received Import Request.
  path: Assets
  artifactKey: Guid(00000000000000001000000000000000) Importer(815301076,1909f56bfc062723c751e8b465ee728b)
Start importing Assets using Guid(00000000000000001000000000000000) Importer(815301076,1909f56bfc062723c751e8b465ee728b)  -> (artifact id: '42d402b061de3733987d63b9cc3b64de') in 0.013111 seconds 
  Import took 0.020203 seconds .

========================================================================
Received Import Request.
  Time since last request: 1.578342 seconds.
  path: Assets/sprites
  artifactKey: Guid(a72fec18c9931cf41848a7e1a32e4191) Importer(815301076,1909f56bfc062723c751e8b465ee728b)
Start importing Assets/sprites using Guid(a72fec18c9931cf41848a7e1a32e4191) Importer(815301076,1909f56bfc062723c751e8b465ee728b)  -> (artifact id: 'e98699d059d67b23798c69e03728a43e') in 0.006562 seconds 
  Import took 0.015953 seconds .

========================================================================
Received Import Request.
  Time since last request: 6.078420 seconds.
  path: Assets/Scripts
  artifactKey: Guid(ad7e6ff2ae99bf84b94a798269d704bc) Importer(815301076,1909f56bfc062723c751e8b465ee728b)
Start importing Assets/Scripts using Guid(ad7e6ff2ae99bf84b94a798269d704bc) Importer(815301076,1909f56bfc062723c751e8b465ee728b)  -> (artifact id: 'bafa77428a1768d8bb9846ab4d3c7ffa') in 0.006677 seconds 
  Import took 0.011487 seconds .

========================================================================
Received Import Request.
  Time since last request: 6.855936 seconds.
  path: Assets/sprites/Banderas.png
  artifactKey: Guid(7281f9d08e3fb5945a5ded4b508e390c) Importer(815301076,1909f56bfc062723c751e8b465ee728b)
Start importing Assets/sprites/Banderas.png using Guid(7281f9d08e3fb5945a5ded4b508e390c) Importer(815301076,1909f56bfc062723c751e8b465ee728b)  -> (artifact id: '2fcb3acafd11c6c1618106e099b1d6f3') in 0.151869 seconds 
  Import took 0.156678 seconds .

========================================================================
Received Import Request.
  Time since last request: 0.000214 seconds.
  path: Assets/sprites/Super_Mario_Bros._Logo.png
  artifactKey: Guid(4cf2d1c73b27f6543b416aa394a9796d) Importer(815301076,1909f56bfc062723c751e8b465ee728b)
Start importing Assets/sprites/Super_Mario_Bros._Logo.png using Guid(4cf2d1c73b27f6543b416aa394a9796d) Importer(815301076,1909f56bfc062723c751e8b465ee728b)  -> (artifact id: 'ab2899f0331081c8af0e33523fb7e0ba') in 0.016364 seconds 
  Import took 0.019681 seconds .

========================================================================
Received Import Request.
  Time since last request: 0.000161 seconds.
  path: Assets/sprites/Cajas.png
  artifactKey: Guid(8625e1d912a4f8d42a185acac38ba5ac) Importer(815301076,1909f56bfc062723c751e8b465ee728b)
Start importing Assets/sprites/Cajas.png using Guid(8625e1d912a4f8d42a185acac38ba5ac) Importer(815301076,1909f56bfc062723c751e8b465ee728b)  -> (artifact id: '92821458b0871e4f0c0dc94b987b9a74') in 0.011641 seconds 
  Import took 0.016994 seconds .

========================================================================
Received Import Request.
  Time since last request: 0.000156 seconds.
  path: Assets/sprites/Ladrillos.png
  artifactKey: Guid(2273f9489f051684daf7e9e10302dfaa) Importer(815301076,1909f56bfc062723c751e8b465ee728b)
Start importing Assets/sprites/Ladrillos.png using Guid(2273f9489f051684daf7e9e10302dfaa) Importer(815301076,1909f56bfc062723c751e8b465ee728b)  -> (artifact id: '51cd81462dcaf21e79bb95c1444a7d15') in 0.010978 seconds 
  Import took 0.015297 seconds .

========================================================================
Received Import Request.
  Time since last request: 0.000163 seconds.
  path: Assets/sprites/Coins1.png
  artifactKey: Guid(564974beac224a8469b99054fe0753e3) Importer(815301076,1909f56bfc062723c751e8b465ee728b)
Start importing Assets/sprites/Coins1.png using Guid(564974beac224a8469b99054fe0753e3) Importer(815301076,1909f56bfc062723c751e8b465ee728b)  -> (artifact id: '0a551f33da4f0544e77868f8aa95e32c') in 0.011219 seconds 
  Import took 0.014707 seconds .

========================================================================
Received Import Request.
  Time since last request: 0.000167 seconds.
  path: Assets/sprites/Hierbas.png
  artifactKey: Guid(199b0b93df8630c41bc7ae241e764fbd) Importer(815301076,1909f56bfc062723c751e8b465ee728b)
Start importing Assets/sprites/Hierbas.png using Guid(199b0b93df8630c41bc7ae241e764fbd) Importer(815301076,1909f56bfc062723c751e8b465ee728b)  -> (artifact id: '3837fa4a3ea02964b1e77b4245ae59a6') in 0.012733 seconds 
  Import took 0.016514 seconds .

========================================================================
Received Import Request.
  Time since last request: 0.000051 seconds.
  path: Assets/sprites/Tuberias.png
  artifactKey: Guid(8e5544290460ff34189bebac6e248287) Importer(815301076,1909f56bfc062723c751e8b465ee728b)
Start importing Assets/sprites/Tuberias.png using Guid(8e5544290460ff34189bebac6e248287) Importer(815301076,1909f56bfc062723c751e8b465ee728b)  -> (artifact id: '0a8292fb6a5e552c251e1a3a4ac9f773') in 0.015774 seconds 
  Import took 0.022714 seconds .

========================================================================
Received Import Request.
  Time since last request: 0.000462 seconds.
  path: Assets/sprites/Coins2.png
  artifactKey: Guid(175e7d58c51e9414db5ce8f34c856f8b) Importer(815301076,1909f56bfc062723c751e8b465ee728b)
Start importing Assets/sprites/Coins2.png using Guid(175e7d58c51e9414db5ce8f34c856f8b) Importer(815301076,1909f56bfc062723c751e8b465ee728b)  -> (artifact id: '9224af829cb5ee1dac427d253d1fbfe1') in 0.013248 seconds 
  Import took 0.018710 seconds .

========================================================================
Received Import Request.
  Time since last request: 0.000182 seconds.
  path: Assets/sprites/Goombas.png
  artifactKey: Guid(9b673148dc3d0ab4b80c8dee126cd46b) Importer(815301076,1909f56bfc062723c751e8b465ee728b)
Start importing Assets/sprites/Goombas.png using Guid(9b673148dc3d0ab4b80c8dee126cd46b) Importer(815301076,1909f56bfc062723c751e8b465ee728b)  -> (artifact id: '05555d5b46f93f69b3f9b6343cb6492f') in 0.013680 seconds 
  Import took 0.018048 seconds .

========================================================================
Received Import Request.
  Time since last request: 0.000198 seconds.
  path: Assets/sprites/Castillo.png
  artifactKey: Guid(34d70e4b812be574d97f96435cf2a28b) Importer(815301076,1909f56bfc062723c751e8b465ee728b)
Start importing Assets/sprites/Castillo.png using Guid(34d70e4b812be574d97f96435cf2a28b) Importer(815301076,1909f56bfc062723c751e8b465ee728b)  -> (artifact id: '9306946d86275a5fe9c4cb1dd3ed3e74') in 0.015784 seconds 
  Import took 0.019551 seconds .

========================================================================
Received Import Request.
  Time since last request: 0.000177 seconds.
  path: Assets/sprites/Nuves.png
  artifactKey: Guid(761aa6f2b6792b64fa109a9b20711026) Importer(815301076,1909f56bfc062723c751e8b465ee728b)
Start importing Assets/sprites/Nuves.png using Guid(761aa6f2b6792b64fa109a9b20711026) Importer(815301076,1909f56bfc062723c751e8b465ee728b)  -> (artifact id: '694c71333f763b039abf7d8c79c365f4') in 0.014724 seconds 
  Import took 0.019712 seconds .

========================================================================
Received Import Request.
  Time since last request: 0.000180 seconds.
  path: Assets/sprites/Montanas.png
  artifactKey: Guid(015ab51ad508ea14b91b0c91634ff382) Importer(815301076,1909f56bfc062723c751e8b465ee728b)
Start importing Assets/sprites/Montanas.png using Guid(015ab51ad508ea14b91b0c91634ff382) Importer(815301076,1909f56bfc062723c751e8b465ee728b)  -> (artifact id: '294ea8aca2e98d8bfb739ecf8ccc0ed9') in 0.012536 seconds 
  Import took 0.016156 seconds .

========================================================================
Received Import Request.
  Time since last request: 0.000180 seconds.
  path: Assets/sprites/Mario.png
  artifactKey: Guid(2899c6ed0d9dc204a875a13ead46d7c4) Importer(815301076,1909f56bfc062723c751e8b465ee728b)
Start importing Assets/sprites/Mario.png using Guid(2899c6ed0d9dc204a875a13ead46d7c4) Importer(815301076,1909f56bfc062723c751e8b465ee728b)  -> (artifact id: 'dff95081d6dacb8d10c2d19164fd4488') in 0.013085 seconds 
  Import took 0.016511 seconds .

========================================================================
Received Import Request.
  Time since last request: 12.114559 seconds.
  path: Assets/sprites/Ladrillos.png
  artifactKey: Guid(2273f9489f051684daf7e9e10302dfaa) Importer(815301076,1909f56bfc062723c751e8b465ee728b)
Start importing Assets/sprites/Ladrillos.png using Guid(2273f9489f051684daf7e9e10302dfaa) Importer(815301076,1909f56bfc062723c751e8b465ee728b)  -> (artifact id: 'aef0a3df82911ceff943cdb76595282e') in 0.011254 seconds 
  Import took 0.015892 seconds .

========================================================================
Received Import Request.
  Time since last request: 14.744917 seconds.
  path: Assets/sprites/Ladrillos.png
  artifactKey: Guid(2273f9489f051684daf7e9e10302dfaa) Importer(815301076,1909f56bfc062723c751e8b465ee728b)
Start importing Assets/sprites/Ladrillos.png using Guid(2273f9489f051684daf7e9e10302dfaa) Importer(815301076,1909f56bfc062723c751e8b465ee728b)  -> (artifact id: '91ff805aa462fe02e0d953bcd6f36bfa') in 0.015541 seconds 
  Import took 0.020325 seconds .

========================================================================
Received Import Request.
  Time since last request: 89.538318 seconds.
  path: Assets/sprites/Mario.png
  artifactKey: Guid(2899c6ed0d9dc204a875a13ead46d7c4) Importer(815301076,1909f56bfc062723c751e8b465ee728b)
Start importing Assets/sprites/Mario.png using Guid(2899c6ed0d9dc204a875a13ead46d7c4) Importer(815301076,1909f56bfc062723c751e8b465ee728b)  -> (artifact id: 'dc18f17dc6645077dcf0a5068d720220') in 0.009661 seconds 
  Import took 0.015253 seconds .

========================================================================
Received Import Request.
  Time since last request: 14.434852 seconds.
  path: Assets/sprites/Mario.png
  artifactKey: Guid(2899c6ed0d9dc204a875a13ead46d7c4) Importer(815301076,1909f56bfc062723c751e8b465ee728b)
Start importing Assets/sprites/Mario.png using Guid(2899c6ed0d9dc204a875a13ead46d7c4) Importer(815301076,1909f56bfc062723c751e8b465ee728b)  -> (artifact id: 'f32372e7821fc13505939d1bb89af595') in 0.021390 seconds 
  Import took 0.026353 seconds .

========================================================================
Received Import Request.
  Time since last request: 110.694665 seconds.
  path: Assets/Scripts/Player.cs
  artifactKey: Guid(13216a3b1dbe482459e140943f37e965) Importer(815301076,1909f56bfc062723c751e8b465ee728b)
Start importing Assets/Scripts/Player.cs using Guid(13216a3b1dbe482459e140943f37e965) Importer(815301076,1909f56bfc062723c751e8b465ee728b)  -> (artifact id: 'b0491061017392490e57d9c09259e25c') in 0.020209 seconds 
  Import took 0.028243 seconds .

========================================================================
Received Prepare
Registering precompiled user dll's ...
Registered in 0.195967 seconds.
Begin MonoManager ReloadAssembly
Native extension for WindowsStandalone target not found
Refreshing native plugins compatible for Editor in 0.45 ms, found 3 plugins.
Preloading 0 native plugins for Editor in 0.00 ms.
Mono: successfully reloaded assembly
- Completed reload, in  1.081 seconds
Domain Reload Profiling:
	ReloadAssembly (1081ms)
		BeginReloadAssembly (120ms)
			ExecutionOrderSort (0ms)
			DisableScriptedObjects (6ms)
			BackupInstance (0ms)
			ReleaseScriptingObjects (0ms)
			CreateAndSetChildDomain (36ms)
		EndReloadAssembly (893ms)
			LoadAssemblies (95ms)
			RebuildTransferFunctionScriptingTraits (0ms)
			SetupTypeCache (326ms)
			ReleaseScriptCaches (1ms)
			RebuildScriptCaches (44ms)
			SetupLoadedEditorAssemblies (311ms)
				LogAssemblyErrors (0ms)
				InitializePlatformSupportModulesInManaged (6ms)
				SetLoadedEditorAssemblies (0ms)
				RefreshPlugins (1ms)
				BeforeProcessingInitializeOnLoad (96ms)
				ProcessInitializeOnLoadAttributes (195ms)
				ProcessInitializeOnLoadMethodAttributes (6ms)
				AfterProcessingInitializeOnLoad (7ms)
				EditorAssembliesLoaded (0ms)
			ExecutionOrderSort2 (0ms)
			AwakeInstancesAfterBackupRestoration (11ms)
Platform modules already initialized, skipping
Refreshing native plugins compatible for Editor in 0.50 ms, found 3 plugins.
Preloading 0 native plugins for Editor in 0.00 ms.
Unloading 2080 Unused Serialized files (Serialized files now loaded: 0)
System memory in use before: 95.9 MB.
System memory in use after: 95.8 MB.

Unloading 21 unused Assets to reduce memory usage. Loaded Objects now: 2556.
Total: 2.598400 ms (FindLiveObjects: 0.191400 ms CreateObjectMapping: 0.089800 ms MarkObjects: 2.185200 ms  DeleteObjects: 0.131100 ms)

AssetImportParameters requested are different than current active one (requested -> active):
  custom:framework-win-MediaFoundation: 216162199b28c13a410421893ffa2e32 -> 
  custom:video-decoder-ogg-theora: a1e56fd34408186e4bbccfd4996cb3dc -> 
  custom:container-muxer-webm: aa71ff27fc2769a1b78a27578f13a17b -> 
  custom:container-demuxer-webm: 4f35f7cbe854078d1ac9338744f61a02 -> 
  custom:container-demuxer-ogg: 62fdf1f143b41e24485cea50d1cbac27 -> 
  custom:video-encoder-webm-vp8: eb34c28f22e8b96e1ab97ce403110664 -> 
  custom:video-decoder-webm-vp8: 9c59270c3fd7afecdb556c50c9e8de78 -> 
  custom:audio-decoder-ogg-vorbis: bf7c407c2cedff20999df2af8eb42d56 -> 
  custom:audio-encoder-webm-vorbis: bf7c407c2cedff20999df2af8eb42d56 -> 
========================================================================
Received Import Request.
  Time since last request: 183.471481 seconds.
  path: Assets/Scripts/Player.cs
  artifactKey: Guid(13216a3b1dbe482459e140943f37e965) Importer(815301076,1909f56bfc062723c751e8b465ee728b)
Start importing Assets/Scripts/Player.cs using Guid(13216a3b1dbe482459e140943f37e965) Importer(815301076,1909f56bfc062723c751e8b465ee728b)  -> (artifact id: 'fc0a9443e11a0daaec45c204483be623') in 0.009923 seconds 
  Import took 0.016323 seconds .

========================================================================
Received Import Request.
  Time since last request: 40.243100 seconds.
  path: Assets/Scripts/Player.cs
  artifactKey: Guid(13216a3b1dbe482459e140943f37e965) Importer(815301076,1909f56bfc062723c751e8b465ee728b)
Start importing Assets/Scripts/Player.cs using Guid(13216a3b1dbe482459e140943f37e965) Importer(815301076,1909f56bfc062723c751e8b465ee728b)  -> (artifact id: '5f1e74a347d601b80e90a28336909133') in 0.002399 seconds 
  Import took 0.010230 seconds .

========================================================================
Received Import Request.
  Time since last request: 186.435386 seconds.
  path: Assets/Scripts/Player.cs
  artifactKey: Guid(13216a3b1dbe482459e140943f37e965) Importer(815301076,1909f56bfc062723c751e8b465ee728b)
Start importing Assets/Scripts/Player.cs using Guid(13216a3b1dbe482459e140943f37e965) Importer(815301076,1909f56bfc062723c751e8b465ee728b)  -> (artifact id: '64187e5b928ae24c8b3e1aa588d8bc80') in 0.006661 seconds 
  Import took 0.019561 seconds .

========================================================================
Received Import Request.
  Time since last request: 0.005100 seconds.
  path: Assets/Scripts/Player.cs
  artifactKey: Guid(13216a3b1dbe482459e140943f37e965) Importer(815301076,1909f56bfc062723c751e8b465ee728b)
Start importing Assets/Scripts/Player.cs using Guid(13216a3b1dbe482459e140943f37e965) Importer(815301076,1909f56bfc062723c751e8b465ee728b)  -> (artifact id: '64187e5b928ae24c8b3e1aa588d8bc80') in 0.001717 seconds 
  Import took 0.008424 seconds .

========================================================================
Received Import Request.
  Time since last request: 36.916642 seconds.
  path: Assets/Scripts/Player.cs
  artifactKey: Guid(13216a3b1dbe482459e140943f37e965) Importer(815301076,1909f56bfc062723c751e8b465ee728b)
Start importing Assets/Scripts/Player.cs using Guid(13216a3b1dbe482459e140943f37e965) Importer(815301076,1909f56bfc062723c751e8b465ee728b)  -> (artifact id: 'c072fd961e267408a8ce2d69e4cb71ea') in 0.003318 seconds 
  Import took 0.009194 seconds .

========================================================================
Received Import Request.
  Time since last request: 145.324210 seconds.
  path: Assets/Scripts/Player.cs
  artifactKey: Guid(13216a3b1dbe482459e140943f37e965) Importer(815301076,1909f56bfc062723c751e8b465ee728b)
Start importing Assets/Scripts/Player.cs using Guid(13216a3b1dbe482459e140943f37e965) Importer(815301076,1909f56bfc062723c751e8b465ee728b)  -> (artifact id: '9d902273319d6fcdff108f219a1cb482') in 0.002192 seconds 
  Import took 0.007540 seconds .

========================================================================
Received Import Request.
  Time since last request: 0.001138 seconds.
  path: Assets/Scripts/Player.cs
  artifactKey: Guid(13216a3b1dbe482459e140943f37e965) Importer(815301076,1909f56bfc062723c751e8b465ee728b)
Start importing Assets/Scripts/Player.cs using Guid(13216a3b1dbe482459e140943f37e965) Importer(815301076,1909f56bfc062723c751e8b465ee728b)  -> (artifact id: '9d902273319d6fcdff108f219a1cb482') in 0.001621 seconds 
  Import took 0.005428 seconds .

========================================================================
Received Prepare
Registering precompiled user dll's ...
Registered in 0.003148 seconds.
Begin MonoManager ReloadAssembly
Native extension for WindowsStandalone target not found
Refreshing native plugins compatible for Editor in 0.45 ms, found 3 plugins.
Preloading 0 native plugins for Editor in 0.00 ms.
Mono: successfully reloaded assembly
- Completed reload, in  1.116 seconds
Domain Reload Profiling:
	ReloadAssembly (1116ms)
		BeginReloadAssembly (125ms)
			ExecutionOrderSort (0ms)
			DisableScriptedObjects (7ms)
			BackupInstance (0ms)
			ReleaseScriptingObjects (0ms)
			CreateAndSetChildDomain (45ms)
		EndReloadAssembly (916ms)
			LoadAssemblies (105ms)
			RebuildTransferFunctionScriptingTraits (0ms)
			SetupTypeCache (323ms)
			ReleaseScriptCaches (1ms)
			RebuildScriptCaches (46ms)
			SetupLoadedEditorAssemblies (332ms)
				LogAssemblyErrors (0ms)
				InitializePlatformSupportModulesInManaged (5ms)
				SetLoadedEditorAssemblies (0ms)
				RefreshPlugins (1ms)
				BeforeProcessingInitializeOnLoad (101ms)
				ProcessInitializeOnLoadAttributes (210ms)
				ProcessInitializeOnLoadMethodAttributes (7ms)
				AfterProcessingInitializeOnLoad (8ms)
				EditorAssembliesLoaded (0ms)
			ExecutionOrderSort2 (0ms)
			AwakeInstancesAfterBackupRestoration (12ms)
Platform modules already initialized, skipping
Refreshing native plugins compatible for Editor in 0.46 ms, found 3 plugins.
Preloading 0 native plugins for Editor in 0.00 ms.
Unloading 2080 Unused Serialized files (Serialized files now loaded: 0)
System memory in use before: 95.9 MB.
System memory in use after: 95.9 MB.

Unloading 21 unused Assets to reduce memory usage. Loaded Objects now: 2560.
Total: 2.619900 ms (FindLiveObjects: 0.188200 ms CreateObjectMapping: 0.085600 ms MarkObjects: 2.205500 ms  DeleteObjects: 0.139500 ms)

AssetImportParameters requested are different than current active one (requested -> active):
  custom:framework-win-MediaFoundation: 216162199b28c13a410421893ffa2e32 -> 
  custom:video-decoder-ogg-theora: a1e56fd34408186e4bbccfd4996cb3dc -> 
  custom:container-muxer-webm: aa71ff27fc2769a1b78a27578f13a17b -> 
  custom:container-demuxer-webm: 4f35f7cbe854078d1ac9338744f61a02 -> 
  custom:container-demuxer-ogg: 62fdf1f143b41e24485cea50d1cbac27 -> 
  custom:video-encoder-webm-vp8: eb34c28f22e8b96e1ab97ce403110664 -> 
  custom:video-decoder-webm-vp8: 9c59270c3fd7afecdb556c50c9e8de78 -> 
  custom:audio-decoder-ogg-vorbis: bf7c407c2cedff20999df2af8eb42d56 -> 
  custom:audio-encoder-webm-vorbis: bf7c407c2cedff20999df2af8eb42d56 -> 
========================================================================
Received Import Request.
  Time since last request: 95.226531 seconds.
  path: Assets/Scripts/Player.cs
  artifactKey: Guid(13216a3b1dbe482459e140943f37e965) Importer(815301076,1909f56bfc062723c751e8b465ee728b)
Start importing Assets/Scripts/Player.cs using Guid(13216a3b1dbe482459e140943f37e965) Importer(815301076,1909f56bfc062723c751e8b465ee728b)  -> (artifact id: 'f4680c7fd3cef4bc20a4528bcfce9001') in 0.004615 seconds 
  Import took 0.008217 seconds .

========================================================================
Received Prepare
Registering precompiled user dll's ...
Registered in 0.003385 seconds.
Begin MonoManager ReloadAssembly
Native extension for WindowsStandalone target not found
Refreshing native plugins compatible for Editor in 0.47 ms, found 3 plugins.
Preloading 0 native plugins for Editor in 0.00 ms.
Mono: successfully reloaded assembly
- Completed reload, in  1.094 seconds
Domain Reload Profiling:
	ReloadAssembly (1095ms)
		BeginReloadAssembly (115ms)
			ExecutionOrderSort (0ms)
			DisableScriptedObjects (7ms)
			BackupInstance (0ms)
			ReleaseScriptingObjects (0ms)
			CreateAndSetChildDomain (35ms)
		EndReloadAssembly (911ms)
			LoadAssemblies (94ms)
			RebuildTransferFunctionScriptingTraits (0ms)
			SetupTypeCache (311ms)
			ReleaseScriptCaches (1ms)
			RebuildScriptCaches (47ms)
			SetupLoadedEditorAssemblies (320ms)
				LogAssemblyErrors (0ms)
				InitializePlatformSupportModulesInManaged (6ms)
				SetLoadedEditorAssemblies (0ms)
				RefreshPlugins (1ms)
				BeforeProcessingInitializeOnLoad (101ms)
				ProcessInitializeOnLoadAttributes (198ms)
				ProcessInitializeOnLoadMethodAttributes (6ms)
				AfterProcessingInitializeOnLoad (8ms)
				EditorAssembliesLoaded (0ms)
			ExecutionOrderSort2 (0ms)
			AwakeInstancesAfterBackupRestoration (12ms)
Platform modules already initialized, skipping
Refreshing native plugins compatible for Editor in 0.53 ms, found 3 plugins.
Preloading 0 native plugins for Editor in 0.00 ms.
Unloading 2080 Unused Serialized files (Serialized files now loaded: 0)
System memory in use before: 95.9 MB.
System memory in use after: 95.9 MB.

Unloading 21 unused Assets to reduce memory usage. Loaded Objects now: 2564.
Total: 2.715600 ms (FindLiveObjects: 0.305800 ms CreateObjectMapping: 0.099500 ms MarkObjects: 2.151200 ms  DeleteObjects: 0.157700 ms)

AssetImportParameters requested are different than current active one (requested -> active):
  custom:framework-win-MediaFoundation: 216162199b28c13a410421893ffa2e32 -> 
  custom:video-decoder-ogg-theora: a1e56fd34408186e4bbccfd4996cb3dc -> 
  custom:container-muxer-webm: aa71ff27fc2769a1b78a27578f13a17b -> 
  custom:container-demuxer-webm: 4f35f7cbe854078d1ac9338744f61a02 -> 
  custom:container-demuxer-ogg: 62fdf1f143b41e24485cea50d1cbac27 -> 
  custom:video-encoder-webm-vp8: eb34c28f22e8b96e1ab97ce403110664 -> 
  custom:video-decoder-webm-vp8: 9c59270c3fd7afecdb556c50c9e8de78 -> 
  custom:audio-decoder-ogg-vorbis: bf7c407c2cedff20999df2af8eb42d56 -> 
  custom:audio-encoder-webm-vorbis: bf7c407c2cedff20999df2af8eb42d56 -> 
========================================================================
Received Prepare
Registering precompiled user dll's ...
Registered in 0.003429 seconds.
Begin MonoManager ReloadAssembly
Native extension for WindowsStandalone target not found
Refreshing native plugins compatible for Editor in 0.48 ms, found 3 plugins.
Preloading 0 native plugins for Editor in 0.00 ms.
Mono: successfully reloaded assembly
- Completed reload, in  1.130 seconds
Domain Reload Profiling:
	ReloadAssembly (1131ms)
		BeginReloadAssembly (131ms)
			ExecutionOrderSort (0ms)
			DisableScriptedObjects (7ms)
			BackupInstance (0ms)
			ReleaseScriptingObjects (0ms)
			CreateAndSetChildDomain (36ms)
		EndReloadAssembly (928ms)
			LoadAssemblies (98ms)
			RebuildTransferFunctionScriptingTraits (0ms)
			SetupTypeCache (321ms)
			ReleaseScriptCaches (1ms)
			RebuildScriptCaches (48ms)
			SetupLoadedEditorAssemblies (322ms)
				LogAssemblyErrors (0ms)
				InitializePlatformSupportModulesInManaged (5ms)
				SetLoadedEditorAssemblies (0ms)
				RefreshPlugins (1ms)
				BeforeProcessingInitializeOnLoad (98ms)
				ProcessInitializeOnLoadAttributes (204ms)
				ProcessInitializeOnLoadMethodAttributes (6ms)
				AfterProcessingInitializeOnLoad (7ms)
				EditorAssembliesLoaded (0ms)
			ExecutionOrderSort2 (0ms)
			AwakeInstancesAfterBackupRestoration (11ms)
Platform modules already initialized, skipping
Refreshing native plugins compatible for Editor in 0.48 ms, found 3 plugins.
Preloading 0 native plugins for Editor in 0.00 ms.
Unloading 2080 Unused Serialized files (Serialized files now loaded: 0)
System memory in use before: 96.0 MB.
System memory in use after: 95.9 MB.

Unloading 21 unused Assets to reduce memory usage. Loaded Objects now: 2568.
Total: 2.770600 ms (FindLiveObjects: 0.207200 ms CreateObjectMapping: 0.094700 ms MarkObjects: 2.311300 ms  DeleteObjects: 0.156300 ms)

AssetImportParameters requested are different than current active one (requested -> active):
  custom:framework-win-MediaFoundation: 216162199b28c13a410421893ffa2e32 -> 
  custom:video-decoder-ogg-theora: a1e56fd34408186e4bbccfd4996cb3dc -> 
  custom:container-muxer-webm: aa71ff27fc2769a1b78a27578f13a17b -> 
  custom:container-demuxer-webm: 4f35f7cbe854078d1ac9338744f61a02 -> 
  custom:container-demuxer-ogg: 62fdf1f143b41e24485cea50d1cbac27 -> 
  custom:video-encoder-webm-vp8: eb34c28f22e8b96e1ab97ce403110664 -> 
  custom:video-decoder-webm-vp8: 9c59270c3fd7afecdb556c50c9e8de78 -> 
  custom:audio-decoder-ogg-vorbis: bf7c407c2cedff20999df2af8eb42d56 -> 
  custom:audio-encoder-webm-vorbis: bf7c407c2cedff20999df2af8eb42d56 -> 
========================================================================
Received Prepare
Registering precompiled user dll's ...
Registered in 0.003484 seconds.
Begin MonoManager ReloadAssembly
Native extension for WindowsStandalone target not found
Refreshing native plugins compatible for Editor in 0.50 ms, found 3 plugins.
Preloading 0 native plugins for Editor in 0.00 ms.
Mono: successfully reloaded assembly
- Completed reload, in  1.103 seconds
Domain Reload Profiling:
	ReloadAssembly (1103ms)
		BeginReloadAssembly (122ms)
			ExecutionOrderSort (0ms)
			DisableScriptedObjects (7ms)
			BackupInstance (0ms)
			ReleaseScriptingObjects (0ms)
			CreateAndSetChildDomain (37ms)
		EndReloadAssembly (910ms)
			LoadAssemblies (98ms)
			RebuildTransferFunctionScriptingTraits (0ms)
			SetupTypeCache (315ms)
			ReleaseScriptCaches (1ms)
			RebuildScriptCaches (49ms)
			SetupLoadedEditorAssemblies (330ms)
				LogAssemblyErrors (0ms)
				InitializePlatformSupportModulesInManaged (6ms)
				SetLoadedEditorAssemblies (0ms)
				RefreshPlugins (1ms)
				BeforeProcessingInitializeOnLoad (105ms)
				ProcessInitializeOnLoadAttributes (205ms)
				ProcessInitializeOnLoadMethodAttributes (6ms)
				AfterProcessingInitializeOnLoad (7ms)
				EditorAssembliesLoaded (0ms)
			ExecutionOrderSort2 (0ms)
			AwakeInstancesAfterBackupRestoration (11ms)
Platform modules already initialized, skipping
Refreshing native plugins compatible for Editor in 0.92 ms, found 3 plugins.
Preloading 0 native plugins for Editor in 0.00 ms.
Unloading 2080 Unused Serialized files (Serialized files now loaded: 0)
System memory in use before: 96.0 MB.
System memory in use after: 96.0 MB.

Unloading 21 unused Assets to reduce memory usage. Loaded Objects now: 2572.
Total: 2.673700 ms (FindLiveObjects: 0.189900 ms CreateObjectMapping: 0.090300 ms MarkObjects: 2.252400 ms  DeleteObjects: 0.140000 ms)

AssetImportParameters requested are different than current active one (requested -> active):
  custom:framework-win-MediaFoundation: 216162199b28c13a410421893ffa2e32 -> 
  custom:video-decoder-ogg-theora: a1e56fd34408186e4bbccfd4996cb3dc -> 
  custom:container-muxer-webm: aa71ff27fc2769a1b78a27578f13a17b -> 
  custom:container-demuxer-webm: 4f35f7cbe854078d1ac9338744f61a02 -> 
  custom:container-demuxer-ogg: 62fdf1f143b41e24485cea50d1cbac27 -> 
  custom:video-encoder-webm-vp8: eb34c28f22e8b96e1ab97ce403110664 -> 
  custom:video-decoder-webm-vp8: 9c59270c3fd7afecdb556c50c9e8de78 -> 
  custom:audio-decoder-ogg-vorbis: bf7c407c2cedff20999df2af8eb42d56 -> 
  custom:audio-encoder-webm-vorbis: bf7c407c2cedff20999df2af8eb42d56 -> 
========================================================================
Received Prepare
Registering precompiled user dll's ...
Registered in 0.003140 seconds.
Begin MonoManager ReloadAssembly
Native extension for WindowsStandalone target not found
Refreshing native plugins compatible for Editor in 0.45 ms, found 3 plugins.
Preloading 0 native plugins for Editor in 0.00 ms.
Mono: successfully reloaded assembly
- Completed reload, in  1.090 seconds
Domain Reload Profiling:
	ReloadAssembly (1091ms)
		BeginReloadAssembly (128ms)
			ExecutionOrderSort (0ms)
			DisableScriptedObjects (7ms)
			BackupInstance (0ms)
			ReleaseScriptingObjects (0ms)
			CreateAndSetChildDomain (37ms)
		EndReloadAssembly (888ms)
			LoadAssemblies (105ms)
			RebuildTransferFunctionScriptingTraits (0ms)
			SetupTypeCache (316ms)
			ReleaseScriptCaches (1ms)
			RebuildScriptCaches (46ms)
			SetupLoadedEditorAssemblies (312ms)
				LogAssemblyErrors (0ms)
				InitializePlatformSupportModulesInManaged (5ms)
				SetLoadedEditorAssemblies (1ms)
				RefreshPlugins (1ms)
				BeforeProcessingInitializeOnLoad (97ms)
				ProcessInitializeOnLoadAttributes (195ms)
				ProcessInitializeOnLoadMethodAttributes (6ms)
				AfterProcessingInitializeOnLoad (7ms)
				EditorAssembliesLoaded (0ms)
			ExecutionOrderSort2 (0ms)
			AwakeInstancesAfterBackupRestoration (11ms)
Platform modules already initialized, skipping
Refreshing native plugins compatible for Editor in 0.49 ms, found 3 plugins.
Preloading 0 native plugins for Editor in 0.00 ms.
Unloading 2080 Unused Serialized files (Serialized files now loaded: 0)
System memory in use before: 96.0 MB.
System memory in use after: 96.0 MB.

Unloading 21 unused Assets to reduce memory usage. Loaded Objects now: 2576.
Total: 2.646600 ms (FindLiveObjects: 0.205900 ms CreateObjectMapping: 0.099100 ms MarkObjects: 2.211800 ms  DeleteObjects: 0.128600 ms)

AssetImportParameters requested are different than current active one (requested -> active):
  custom:framework-win-MediaFoundation: 216162199b28c13a410421893ffa2e32 -> 
  custom:video-decoder-ogg-theora: a1e56fd34408186e4bbccfd4996cb3dc -> 
  custom:container-muxer-webm: aa71ff27fc2769a1b78a27578f13a17b -> 
  custom:container-demuxer-webm: 4f35f7cbe854078d1ac9338744f61a02 -> 
  custom:container-demuxer-ogg: 62fdf1f143b41e24485cea50d1cbac27 -> 
  custom:video-encoder-webm-vp8: eb34c28f22e8b96e1ab97ce403110664 -> 
  custom:video-decoder-webm-vp8: 9c59270c3fd7afecdb556c50c9e8de78 -> 
  custom:audio-decoder-ogg-vorbis: bf7c407c2cedff20999df2af8eb42d56 -> 
  custom:audio-encoder-webm-vorbis: bf7c407c2cedff20999df2af8eb42d56 -> 
========================================================================
Received Prepare
Registering precompiled user dll's ...
Registered in 0.004719 seconds.
Begin MonoManager ReloadAssembly
Native extension for WindowsStandalone target not found
Refreshing native plugins compatible for Editor in 0.46 ms, found 3 plugins.
Preloading 0 native plugins for Editor in 0.00 ms.
Mono: successfully reloaded assembly
- Completed reload, in  1.082 seconds
Domain Reload Profiling:
	ReloadAssembly (1082ms)
		BeginReloadAssembly (125ms)
			ExecutionOrderSort (0ms)
			DisableScriptedObjects (6ms)
			BackupInstance (0ms)
			ReleaseScriptingObjects (0ms)
			CreateAndSetChildDomain (36ms)
		EndReloadAssembly (887ms)
			LoadAssemblies (99ms)
			RebuildTransferFunctionScriptingTraits (0ms)
			SetupTypeCache (314ms)
			ReleaseScriptCaches (1ms)
			RebuildScriptCaches (47ms)
			SetupLoadedEditorAssemblies (312ms)
				LogAssemblyErrors (0ms)
				InitializePlatformSupportModulesInManaged (6ms)
				SetLoadedEditorAssemblies (1ms)
				RefreshPlugins (1ms)
				BeforeProcessingInitializeOnLoad (98ms)
				ProcessInitializeOnLoadAttributes (193ms)
				ProcessInitializeOnLoadMethodAttributes (6ms)
				AfterProcessingInitializeOnLoad (7ms)
				EditorAssembliesLoaded (0ms)
			ExecutionOrderSort2 (0ms)
			AwakeInstancesAfterBackupRestoration (11ms)
Platform modules already initialized, skipping
Refreshing native plugins compatible for Editor in 0.62 ms, found 3 plugins.
Preloading 0 native plugins for Editor in 0.00 ms.
Unloading 2081 Unused Serialized files (Serialized files now loaded: 0)
System memory in use before: 96.0 MB.
System memory in use after: 96.0 MB.

Unloading 21 unused Assets to reduce memory usage. Loaded Objects now: 2581.
Total: 2.474700 ms (FindLiveObjects: 0.233900 ms CreateObjectMapping: 0.117000 ms MarkObjects: 1.990100 ms  DeleteObjects: 0.132300 ms)

AssetImportParameters requested are different than current active one (requested -> active):
  custom:framework-win-MediaFoundation: 216162199b28c13a410421893ffa2e32 -> 
  custom:video-decoder-ogg-theora: a1e56fd34408186e4bbccfd4996cb3dc -> 
  custom:container-muxer-webm: aa71ff27fc2769a1b78a27578f13a17b -> 
  custom:container-demuxer-webm: 4f35f7cbe854078d1ac9338744f61a02 -> 
  custom:container-demuxer-ogg: 62fdf1f143b41e24485cea50d1cbac27 -> 
  custom:video-encoder-webm-vp8: eb34c28f22e8b96e1ab97ce403110664 -> 
  custom:video-decoder-webm-vp8: 9c59270c3fd7afecdb556c50c9e8de78 -> 
  custom:audio-decoder-ogg-vorbis: bf7c407c2cedff20999df2af8eb42d56 -> 
  custom:audio-encoder-webm-vorbis: bf7c407c2cedff20999df2af8eb42d56 -> 
========================================================================
Received Import Request.
  Time since last request: 162.623932 seconds.
  path: Assets/Scripts/GroundChecker.cs
  artifactKey: Guid(26e121f55cf3c5246879caee19732aa6) Importer(815301076,1909f56bfc062723c751e8b465ee728b)
Start importing Assets/Scripts/GroundChecker.cs using Guid(26e121f55cf3c5246879caee19732aa6) Importer(815301076,1909f56bfc062723c751e8b465ee728b)  -> (artifact id: 'd75a5fdcc5799f100f3f9752bc2b8610') in 0.007882 seconds 
  Import took 0.012223 seconds .

========================================================================
Received Prepare
Registering precompiled user dll's ...
Registered in 0.003144 seconds.
Begin MonoManager ReloadAssembly
Native extension for WindowsStandalone target not found
Refreshing native plugins compatible for Editor in 0.45 ms, found 3 plugins.
Preloading 0 native plugins for Editor in 0.00 ms.
Mono: successfully reloaded assembly
- Completed reload, in  1.110 seconds
Domain Reload Profiling:
	ReloadAssembly (1111ms)
		BeginReloadAssembly (121ms)
			ExecutionOrderSort (0ms)
			DisableScriptedObjects (7ms)
			BackupInstance (0ms)
			ReleaseScriptingObjects (0ms)
			CreateAndSetChildDomain (33ms)
		EndReloadAssembly (919ms)
			LoadAssemblies (99ms)
			RebuildTransferFunctionScriptingTraits (0ms)
			SetupTypeCache (332ms)
			ReleaseScriptCaches (1ms)
			RebuildScriptCaches (48ms)
			SetupLoadedEditorAssemblies (318ms)
				LogAssemblyErrors (0ms)
				InitializePlatformSupportModulesInManaged (5ms)
				SetLoadedEditorAssemblies (0ms)
				RefreshPlugins (1ms)
				BeforeProcessingInitializeOnLoad (100ms)
				ProcessInitializeOnLoadAttributes (198ms)
				ProcessInitializeOnLoadMethodAttributes (6ms)
				AfterProcessingInitializeOnLoad (7ms)
				EditorAssembliesLoaded (0ms)
			ExecutionOrderSort2 (0ms)
			AwakeInstancesAfterBackupRestoration (12ms)
Platform modules already initialized, skipping
Refreshing native plugins compatible for Editor in 0.47 ms, found 3 plugins.
Preloading 0 native plugins for Editor in 0.00 ms.
Unloading 2081 Unused Serialized files (Serialized files now loaded: 0)
System memory in use before: 96.0 MB.
System memory in use after: 96.0 MB.

Unloading 21 unused Assets to reduce memory usage. Loaded Objects now: 2585.
Total: 2.591500 ms (FindLiveObjects: 0.195600 ms CreateObjectMapping: 0.090400 ms MarkObjects: 2.170400 ms  DeleteObjects: 0.134100 ms)

AssetImportParameters requested are different than current active one (requested -> active):
  custom:framework-win-MediaFoundation: 216162199b28c13a410421893ffa2e32 -> 
  custom:video-decoder-ogg-theora: a1e56fd34408186e4bbccfd4996cb3dc -> 
  custom:container-muxer-webm: aa71ff27fc2769a1b78a27578f13a17b -> 
  custom:container-demuxer-webm: 4f35f7cbe854078d1ac9338744f61a02 -> 
  custom:container-demuxer-ogg: 62fdf1f143b41e24485cea50d1cbac27 -> 
  custom:video-encoder-webm-vp8: eb34c28f22e8b96e1ab97ce403110664 -> 
  custom:video-decoder-webm-vp8: 9c59270c3fd7afecdb556c50c9e8de78 -> 
  custom:audio-decoder-ogg-vorbis: bf7c407c2cedff20999df2af8eb42d56 -> 
  custom:audio-encoder-webm-vorbis: bf7c407c2cedff20999df2af8eb42d56 -> 
========================================================================
Received Prepare
Registering precompiled user dll's ...
Registered in 0.003384 seconds.
Begin MonoManager ReloadAssembly
Native extension for WindowsStandalone target not found
Refreshing native plugins compatible for Editor in 0.47 ms, found 3 plugins.
Preloading 0 native plugins for Editor in 0.00 ms.
Mono: successfully reloaded assembly
- Completed reload, in  1.118 seconds
Domain Reload Profiling:
	ReloadAssembly (1119ms)
		BeginReloadAssembly (136ms)
			ExecutionOrderSort (0ms)
			DisableScriptedObjects (7ms)
			BackupInstance (0ms)
			ReleaseScriptingObjects (0ms)
			CreateAndSetChildDomain (48ms)
		EndReloadAssembly (906ms)
			LoadAssemblies (102ms)
			RebuildTransferFunctionScriptingTraits (0ms)
			SetupTypeCache (326ms)
			ReleaseScriptCaches (2ms)
			RebuildScriptCaches (46ms)
			SetupLoadedEditorAssemblies (319ms)
				LogAssemblyErrors (0ms)
				InitializePlatformSupportModulesInManaged (5ms)
				SetLoadedEditorAssemblies (1ms)
				RefreshPlugins (1ms)
				BeforeProcessingInitializeOnLoad (98ms)
				ProcessInitializeOnLoadAttributes (200ms)
				ProcessInitializeOnLoadMethodAttributes (7ms)
				AfterProcessingInitializeOnLoad (7ms)
				EditorAssembliesLoaded (0ms)
			ExecutionOrderSort2 (0ms)
			AwakeInstancesAfterBackupRestoration (12ms)
Platform modules already initialized, skipping
Refreshing native plugins compatible for Editor in 0.59 ms, found 3 plugins.
Preloading 0 native plugins for Editor in 0.00 ms.
Unloading 2081 Unused Serialized files (Serialized files now loaded: 0)
System memory in use before: 96.0 MB.
System memory in use after: 96.0 MB.

Unloading 21 unused Assets to reduce memory usage. Loaded Objects now: 2589.
Total: 2.715900 ms (FindLiveObjects: 0.248200 ms CreateObjectMapping: 0.091700 ms MarkObjects: 2.252700 ms  DeleteObjects: 0.122100 ms)

AssetImportParameters requested are different than current active one (requested -> active):
  custom:framework-win-MediaFoundation: 216162199b28c13a410421893ffa2e32 -> 
  custom:video-decoder-ogg-theora: a1e56fd34408186e4bbccfd4996cb3dc -> 
  custom:container-muxer-webm: aa71ff27fc2769a1b78a27578f13a17b -> 
  custom:container-demuxer-webm: 4f35f7cbe854078d1ac9338744f61a02 -> 
  custom:container-demuxer-ogg: 62fdf1f143b41e24485cea50d1cbac27 -> 
  custom:video-encoder-webm-vp8: eb34c28f22e8b96e1ab97ce403110664 -> 
  custom:video-decoder-webm-vp8: 9c59270c3fd7afecdb556c50c9e8de78 -> 
  custom:audio-decoder-ogg-vorbis: bf7c407c2cedff20999df2af8eb42d56 -> 
  custom:audio-encoder-webm-vorbis: bf7c407c2cedff20999df2af8eb42d56 -> 
========================================================================
Received Prepare
Registering precompiled user dll's ...
Registered in 0.003201 seconds.
Begin MonoManager ReloadAssembly
Native extension for WindowsStandalone target not found
Refreshing native plugins compatible for Editor in 0.48 ms, found 3 plugins.
Preloading 0 native plugins for Editor in 0.00 ms.
Mono: successfully reloaded assembly
- Completed reload, in  1.145 seconds
Domain Reload Profiling:
	ReloadAssembly (1146ms)
		BeginReloadAssembly (116ms)
			ExecutionOrderSort (0ms)
			DisableScriptedObjects (8ms)
			BackupInstance (0ms)
			ReleaseScriptingObjects (0ms)
			CreateAndSetChildDomain (35ms)
		EndReloadAssembly (959ms)
			LoadAssemblies (99ms)
			RebuildTransferFunctionScriptingTraits (0ms)
			SetupTypeCache (331ms)
			ReleaseScriptCaches (1ms)
			RebuildScriptCaches (49ms)
			SetupLoadedEditorAssemblies (340ms)
				LogAssemblyErrors (0ms)
				InitializePlatformSupportModulesInManaged (5ms)
				SetLoadedEditorAssemblies (0ms)
				RefreshPlugins (1ms)
				BeforeProcessingInitializeOnLoad (100ms)
				ProcessInitializeOnLoadAttributes (218ms)
				ProcessInitializeOnLoadMethodAttributes (7ms)
				AfterProcessingInitializeOnLoad (8ms)
				EditorAssembliesLoaded (0ms)
			ExecutionOrderSort2 (0ms)
			AwakeInstancesAfterBackupRestoration (12ms)
Platform modules already initialized, skipping
Refreshing native plugins compatible for Editor in 2.03 ms, found 3 plugins.
Preloading 0 native plugins for Editor in 0.00 ms.
Unloading 2081 Unused Serialized files (Serialized files now loaded: 0)
System memory in use before: 96.0 MB.
System memory in use after: 96.0 MB.

Unloading 21 unused Assets to reduce memory usage. Loaded Objects now: 2593.
Total: 2.862600 ms (FindLiveObjects: 0.217400 ms CreateObjectMapping: 0.102800 ms MarkObjects: 2.408800 ms  DeleteObjects: 0.132000 ms)

AssetImportParameters requested are different than current active one (requested -> active):
  custom:framework-win-MediaFoundation: 216162199b28c13a410421893ffa2e32 -> 
  custom:video-decoder-ogg-theora: a1e56fd34408186e4bbccfd4996cb3dc -> 
  custom:container-muxer-webm: aa71ff27fc2769a1b78a27578f13a17b -> 
  custom:container-demuxer-webm: 4f35f7cbe854078d1ac9338744f61a02 -> 
  custom:container-demuxer-ogg: 62fdf1f143b41e24485cea50d1cbac27 -> 
  custom:video-encoder-webm-vp8: eb34c28f22e8b96e1ab97ce403110664 -> 
  custom:video-decoder-webm-vp8: 9c59270c3fd7afecdb556c50c9e8de78 -> 
  custom:audio-decoder-ogg-vorbis: bf7c407c2cedff20999df2af8eb42d56 -> 
  custom:audio-encoder-webm-vorbis: bf7c407c2cedff20999df2af8eb42d56 -> 
========================================================================
Received Prepare
Registering precompiled user dll's ...
Registered in 0.004259 seconds.
Begin MonoManager ReloadAssembly
Native extension for WindowsStandalone target not found
Refreshing native plugins compatible for Editor in 0.46 ms, found 3 plugins.
Preloading 0 native plugins for Editor in 0.00 ms.
Mono: successfully reloaded assembly
- Completed reload, in  1.130 seconds
Domain Reload Profiling:
	ReloadAssembly (1131ms)
		BeginReloadAssembly (133ms)
			ExecutionOrderSort (0ms)
			DisableScriptedObjects (6ms)
			BackupInstance (0ms)
			ReleaseScriptingObjects (0ms)
			CreateAndSetChildDomain (34ms)
		EndReloadAssembly (923ms)
			LoadAssemblies (112ms)
			RebuildTransferFunctionScriptingTraits (0ms)
			SetupTypeCache (319ms)
			ReleaseScriptCaches (1ms)
			RebuildScriptCaches (49ms)
			SetupLoadedEditorAssemblies (327ms)
				LogAssemblyErrors (0ms)
				InitializePlatformSupportModulesInManaged (5ms)
				SetLoadedEditorAssemblies (1ms)
				RefreshPlugins (1ms)
				BeforeProcessingInitializeOnLoad (102ms)
				ProcessInitializeOnLoadAttributes (205ms)
				ProcessInitializeOnLoadMethodAttributes (6ms)
				AfterProcessingInitializeOnLoad (8ms)
				EditorAssembliesLoaded (0ms)
			ExecutionOrderSort2 (0ms)
			AwakeInstancesAfterBackupRestoration (12ms)
Platform modules already initialized, skipping
Refreshing native plugins compatible for Editor in 0.47 ms, found 3 plugins.
Preloading 0 native plugins for Editor in 0.00 ms.
Unloading 2081 Unused Serialized files (Serialized files now loaded: 0)
System memory in use before: 96.1 MB.
System memory in use after: 96.0 MB.

Unloading 21 unused Assets to reduce memory usage. Loaded Objects now: 2597.
Total: 2.701500 ms (FindLiveObjects: 0.254500 ms CreateObjectMapping: 0.135700 ms MarkObjects: 1.979800 ms  DeleteObjects: 0.330400 ms)

AssetImportParameters requested are different than current active one (requested -> active):
  custom:framework-win-MediaFoundation: 216162199b28c13a410421893ffa2e32 -> 
  custom:video-decoder-ogg-theora: a1e56fd34408186e4bbccfd4996cb3dc -> 
  custom:container-muxer-webm: aa71ff27fc2769a1b78a27578f13a17b -> 
  custom:container-demuxer-webm: 4f35f7cbe854078d1ac9338744f61a02 -> 
  custom:container-demuxer-ogg: 62fdf1f143b41e24485cea50d1cbac27 -> 
  custom:video-encoder-webm-vp8: eb34c28f22e8b96e1ab97ce403110664 -> 
  custom:video-decoder-webm-vp8: 9c59270c3fd7afecdb556c50c9e8de78 -> 
  custom:audio-decoder-ogg-vorbis: bf7c407c2cedff20999df2af8eb42d56 -> 
  custom:audio-encoder-webm-vorbis: bf7c407c2cedff20999df2af8eb42d56 -> 
========================================================================
Received Prepare
Registering precompiled user dll's ...
Registered in 0.004099 seconds.
Begin MonoManager ReloadAssembly
Native extension for WindowsStandalone target not found
Refreshing native plugins compatible for Editor in 0.45 ms, found 3 plugins.
Preloading 0 native plugins for Editor in 0.00 ms.
Mono: successfully reloaded assembly
- Completed reload, in  1.079 seconds
Domain Reload Profiling:
	ReloadAssembly (1079ms)
		BeginReloadAssembly (125ms)
			ExecutionOrderSort (0ms)
			DisableScriptedObjects (8ms)
			BackupInstance (0ms)
			ReleaseScriptingObjects (0ms)
			CreateAndSetChildDomain (35ms)
		EndReloadAssembly (886ms)
			LoadAssemblies (99ms)
			RebuildTransferFunctionScriptingTraits (0ms)
			SetupTypeCache (305ms)
			ReleaseScriptCaches (1ms)
			RebuildScriptCaches (46ms)
			SetupLoadedEditorAssemblies (316ms)
				LogAssemblyErrors (0ms)
				InitializePlatformSupportModulesInManaged (5ms)
				SetLoadedEditorAssemblies (0ms)
				RefreshPlugins (1ms)
				BeforeProcessingInitializeOnLoad (98ms)
				ProcessInitializeOnLoadAttributes (198ms)
				ProcessInitializeOnLoadMethodAttributes (6ms)
				AfterProcessingInitializeOnLoad (8ms)
				EditorAssembliesLoaded (0ms)
			ExecutionOrderSort2 (0ms)
			AwakeInstancesAfterBackupRestoration (11ms)
Platform modules already initialized, skipping
Refreshing native plugins compatible for Editor in 0.46 ms, found 3 plugins.
Preloading 0 native plugins for Editor in 0.00 ms.
Unloading 2081 Unused Serialized files (Serialized files now loaded: 0)
System memory in use before: 96.1 MB.
System memory in use after: 96.0 MB.

Unloading 21 unused Assets to reduce memory usage. Loaded Objects now: 2601.
Total: 2.781100 ms (FindLiveObjects: 0.200900 ms CreateObjectMapping: 0.093500 ms MarkObjects: 2.358200 ms  DeleteObjects: 0.127500 ms)

AssetImportParameters requested are different than current active one (requested -> active):
  custom:framework-win-MediaFoundation: 216162199b28c13a410421893ffa2e32 -> 
  custom:video-decoder-ogg-theora: a1e56fd34408186e4bbccfd4996cb3dc -> 
  custom:container-muxer-webm: aa71ff27fc2769a1b78a27578f13a17b -> 
  custom:container-demuxer-webm: 4f35f7cbe854078d1ac9338744f61a02 -> 
  custom:container-demuxer-ogg: 62fdf1f143b41e24485cea50d1cbac27 -> 
  custom:video-encoder-webm-vp8: eb34c28f22e8b96e1ab97ce403110664 -> 
  custom:video-decoder-webm-vp8: 9c59270c3fd7afecdb556c50c9e8de78 -> 
  custom:audio-decoder-ogg-vorbis: bf7c407c2cedff20999df2af8eb42d56 -> 
  custom:audio-encoder-webm-vorbis: bf7c407c2cedff20999df2af8eb42d56 -> 
========================================================================
Received Import Request.
  Time since last request: 321.803084 seconds.
  path: Assets/sprites/Ladrillos.png
  artifactKey: Guid(2273f9489f051684daf7e9e10302dfaa) Importer(815301076,1909f56bfc062723c751e8b465ee728b)
Start importing Assets/sprites/Ladrillos.png using Guid(2273f9489f051684daf7e9e10302dfaa) Importer(815301076,1909f56bfc062723c751e8b465ee728b)  -> (artifact id: 'c5fc91459c860615ad7a6b11b9a74d72') in 0.070830 seconds 
  Import took 0.076005 seconds .

========================================================================
Received Import Request.
  Time since last request: 12.797841 seconds.
  path: Assets/sprites/Hierbas.png
  artifactKey: Guid(199b0b93df8630c41bc7ae241e764fbd) Importer(815301076,1909f56bfc062723c751e8b465ee728b)
Start importing Assets/sprites/Hierbas.png using Guid(199b0b93df8630c41bc7ae241e764fbd) Importer(815301076,1909f56bfc062723c751e8b465ee728b)  -> (artifact id: '50b117e7a403c9d29245e2cd07f9d98f') in 0.012906 seconds 
  Import took 0.018252 seconds .

========================================================================
Received Import Request.
  Time since last request: 21.190816 seconds.
  path: Assets/sprites/Hierbas.png
  artifactKey: Guid(199b0b93df8630c41bc7ae241e764fbd) Importer(815301076,1909f56bfc062723c751e8b465ee728b)
Start importing Assets/sprites/Hierbas.png using Guid(199b0b93df8630c41bc7ae241e764fbd) Importer(815301076,1909f56bfc062723c751e8b465ee728b)  -> (artifact id: '3be70bdbc8cbbcd413aad814224150b7') in 0.026728 seconds 
  Import took 0.033377 seconds .

========================================================================
Received Import Request.
  Time since last request: 13.722276 seconds.
  path: Assets/sprites/Cajas.png
  artifactKey: Guid(8625e1d912a4f8d42a185acac38ba5ac) Importer(815301076,1909f56bfc062723c751e8b465ee728b)
Start importing Assets/sprites/Cajas.png using Guid(8625e1d912a4f8d42a185acac38ba5ac) Importer(815301076,1909f56bfc062723c751e8b465ee728b)  -> (artifact id: 'be7eab7859739969fdf6e91114c9d8c2') in 0.013410 seconds 
  Import took 0.018069 seconds .

========================================================================
Received Import Request.
  Time since last request: 5.013227 seconds.
  path: Assets/sprites/Cajas.png
  artifactKey: Guid(8625e1d912a4f8d42a185acac38ba5ac) Importer(815301076,1909f56bfc062723c751e8b465ee728b)
Start importing Assets/sprites/Cajas.png using Guid(8625e1d912a4f8d42a185acac38ba5ac) Importer(815301076,1909f56bfc062723c751e8b465ee728b)  -> (artifact id: '0a25e5e72e43fc312377f6226192968b') in 0.021792 seconds 
  Import took 0.027776 seconds .

========================================================================
Received Import Request.
  Time since last request: 11.917216 seconds.
  path: Assets/sprites/Montanas.png
  artifactKey: Guid(015ab51ad508ea14b91b0c91634ff382) Importer(815301076,1909f56bfc062723c751e8b465ee728b)
Start importing Assets/sprites/Montanas.png using Guid(015ab51ad508ea14b91b0c91634ff382) Importer(815301076,1909f56bfc062723c751e8b465ee728b)  -> (artifact id: 'c7cbf9f7a7bb8521e52f9a86c02078fc') in 0.011954 seconds 
  Import took 0.017132 seconds .

========================================================================
Received Import Request.
  Time since last request: 0.005151 seconds.
  path: Assets/sprites/Montanas.png
  artifactKey: Guid(015ab51ad508ea14b91b0c91634ff382) Importer(815301076,1909f56bfc062723c751e8b465ee728b)
Start importing Assets/sprites/Montanas.png using Guid(015ab51ad508ea14b91b0c91634ff382) Importer(815301076,1909f56bfc062723c751e8b465ee728b)  -> (artifact id: 'c7cbf9f7a7bb8521e52f9a86c02078fc') in 0.007588 seconds 
  Import took 0.012762 seconds .

========================================================================
Received Import Request.
  Time since last request: 14.591028 seconds.
  path: Assets/sprites/Montanas.png
  artifactKey: Guid(015ab51ad508ea14b91b0c91634ff382) Importer(815301076,1909f56bfc062723c751e8b465ee728b)
Start importing Assets/sprites/Montanas.png using Guid(015ab51ad508ea14b91b0c91634ff382) Importer(815301076,1909f56bfc062723c751e8b465ee728b)  -> (artifact id: 'a1e20712caba6419b2d8f2bfd1517dbc') in 0.020054 seconds 
  Import took 0.026423 seconds .

========================================================================
Received Import Request.
  Time since last request: 9.430364 seconds.
  path: Assets/sprites/Nuves.png
  artifactKey: Guid(761aa6f2b6792b64fa109a9b20711026) Importer(815301076,1909f56bfc062723c751e8b465ee728b)
Start importing Assets/sprites/Nuves.png using Guid(761aa6f2b6792b64fa109a9b20711026) Importer(815301076,1909f56bfc062723c751e8b465ee728b)  -> (artifact id: 'e3236a47c9bea0871dead3ff661d1ba8') in 0.012291 seconds 
  Import took 0.016771 seconds .

========================================================================
Received Import Request.
  Time since last request: 18.191025 seconds.
  path: Assets/sprites/Nuves.png
  artifactKey: Guid(761aa6f2b6792b64fa109a9b20711026) Importer(815301076,1909f56bfc062723c751e8b465ee728b)
Start importing Assets/sprites/Nuves.png using Guid(761aa6f2b6792b64fa109a9b20711026) Importer(815301076,1909f56bfc062723c751e8b465ee728b)  -> (artifact id: '6f7b159f9b86b814dddc1a79bb6d92c7') in 0.025209 seconds 
  Import took 0.031133 seconds .

========================================================================
Received Import Request.
  Time since last request: 195.508811 seconds.
  path: Assets/sprites/Montanas.png
  artifactKey: Guid(015ab51ad508ea14b91b0c91634ff382) Importer(815301076,1909f56bfc062723c751e8b465ee728b)
Start importing Assets/sprites/Montanas.png using Guid(015ab51ad508ea14b91b0c91634ff382) Importer(815301076,1909f56bfc062723c751e8b465ee728b)  -> (artifact id: 'b6e4a5615f592ca6f4129b68d11737f7') in 0.019557 seconds 
  Import took 0.025381 seconds .

========================================================================
Received Import Request.
  Time since last request: 28.708782 seconds.
  path: Assets/sprites/Hierbas.png
  artifactKey: Guid(199b0b93df8630c41bc7ae241e764fbd) Importer(815301076,1909f56bfc062723c751e8b465ee728b)
Start importing Assets/sprites/Hierbas.png using Guid(199b0b93df8630c41bc7ae241e764fbd) Importer(815301076,1909f56bfc062723c751e8b465ee728b)  -> (artifact id: '1df8d0ff45baa7994d207d64dc5b08c6') in 0.017004 seconds 
  Import took 0.022167 seconds .

========================================================================
Received Import Request.
  Time since last request: 11.486266 seconds.
  path: Assets/sprites/Mario.png
  artifactKey: Guid(2899c6ed0d9dc204a875a13ead46d7c4) Importer(815301076,1909f56bfc062723c751e8b465ee728b)
Start importing Assets/sprites/Mario.png using Guid(2899c6ed0d9dc204a875a13ead46d7c4) Importer(815301076,1909f56bfc062723c751e8b465ee728b)  -> (artifact id: '0209b427b7177d37907734ad4e0fdcb5') in 0.013390 seconds 
  Import took 0.019510 seconds .

========================================================================
Received Prepare
Registering precompiled user dll's ...
Registered in 0.004792 seconds.
Begin MonoManager ReloadAssembly
Native extension for WindowsStandalone target not found
Refreshing native plugins compatible for Editor in 0.46 ms, found 3 plugins.
Preloading 0 native plugins for Editor in 0.00 ms.
Mono: successfully reloaded assembly
- Completed reload, in  1.086 seconds
Domain Reload Profiling:
	ReloadAssembly (1087ms)
		BeginReloadAssembly (124ms)
			ExecutionOrderSort (0ms)
			DisableScriptedObjects (6ms)
			BackupInstance (0ms)
			ReleaseScriptingObjects (0ms)
			CreateAndSetChildDomain (34ms)
		EndReloadAssembly (892ms)
			LoadAssemblies (99ms)
			RebuildTransferFunctionScriptingTraits (0ms)
			SetupTypeCache (314ms)
			ReleaseScriptCaches (1ms)
			RebuildScriptCaches (44ms)
			SetupLoadedEditorAssemblies (323ms)
				LogAssemblyErrors (0ms)
				InitializePlatformSupportModulesInManaged (5ms)
				SetLoadedEditorAssemblies (1ms)
				RefreshPlugins (1ms)
				BeforeProcessingInitializeOnLoad (97ms)
				ProcessInitializeOnLoadAttributes (205ms)
				ProcessInitializeOnLoadMethodAttributes (6ms)
				AfterProcessingInitializeOnLoad (8ms)
				EditorAssembliesLoaded (0ms)
			ExecutionOrderSort2 (0ms)
			AwakeInstancesAfterBackupRestoration (11ms)
Platform modules already initialized, skipping
Refreshing native plugins compatible for Editor in 0.47 ms, found 3 plugins.
Preloading 0 native plugins for Editor in 0.00 ms.
Unloading 2081 Unused Serialized files (Serialized files now loaded: 0)
System memory in use before: 96.1 MB.
System memory in use after: 96.1 MB.

Unloading 21 unused Assets to reduce memory usage. Loaded Objects now: 2624.
Total: 2.632300 ms (FindLiveObjects: 0.201400 ms CreateObjectMapping: 0.086200 ms MarkObjects: 2.208000 ms  DeleteObjects: 0.135900 ms)

AssetImportParameters requested are different than current active one (requested -> active):
  custom:framework-win-MediaFoundation: 216162199b28c13a410421893ffa2e32 -> 
  custom:video-decoder-ogg-theora: a1e56fd34408186e4bbccfd4996cb3dc -> 
  custom:container-muxer-webm: aa71ff27fc2769a1b78a27578f13a17b -> 
  custom:container-demuxer-webm: 4f35f7cbe854078d1ac9338744f61a02 -> 
  custom:container-demuxer-ogg: 62fdf1f143b41e24485cea50d1cbac27 -> 
  custom:video-encoder-webm-vp8: eb34c28f22e8b96e1ab97ce403110664 -> 
  custom:video-decoder-webm-vp8: 9c59270c3fd7afecdb556c50c9e8de78 -> 
  custom:audio-decoder-ogg-vorbis: bf7c407c2cedff20999df2af8eb42d56 -> 
  custom:audio-encoder-webm-vorbis: bf7c407c2cedff20999df2af8eb42d56 -> 
========================================================================
Received Import Request.
  Time since last request: 26.252321 seconds.
  path: Assets/sprites/Mario.png
  artifactKey: Guid(2899c6ed0d9dc204a875a13ead46d7c4) Importer(815301076,1909f56bfc062723c751e8b465ee728b)
Start importing Assets/sprites/Mario.png using Guid(2899c6ed0d9dc204a875a13ead46d7c4) Importer(815301076,1909f56bfc062723c751e8b465ee728b)  -> (artifact id: 'a43dd437ed4abbe4bacc1c7897cb8153') in 0.050497 seconds 
  Import took 0.055640 seconds .

========================================================================
Received Import Request.
  Time since last request: 0.050472 seconds.
  path: Assets/sprites/Mario.png
  artifactKey: Guid(2899c6ed0d9dc204a875a13ead46d7c4) Importer(815301076,1909f56bfc062723c751e8b465ee728b)
Start importing Assets/sprites/Mario.png using Guid(2899c6ed0d9dc204a875a13ead46d7c4) Importer(815301076,1909f56bfc062723c751e8b465ee728b)  -> (artifact id: 'a43dd437ed4abbe4bacc1c7897cb8153') in 0.008188 seconds 
  Import took 0.011804 seconds .

========================================================================
Received Prepare
Registering precompiled user dll's ...
Registered in 0.003245 seconds.
Begin MonoManager ReloadAssembly
Native extension for WindowsStandalone target not found
Refreshing native plugins compatible for Editor in 0.45 ms, found 3 plugins.
Preloading 0 native plugins for Editor in 0.00 ms.
Mono: successfully reloaded assembly
- Completed reload, in  1.072 seconds
Domain Reload Profiling:
	ReloadAssembly (1072ms)
		BeginReloadAssembly (116ms)
			ExecutionOrderSort (0ms)
			DisableScriptedObjects (6ms)
			BackupInstance (0ms)
			ReleaseScriptingObjects (0ms)
			CreateAndSetChildDomain (34ms)
		EndReloadAssembly (885ms)
			LoadAssemblies (97ms)
			RebuildTransferFunctionScriptingTraits (0ms)
			SetupTypeCache (310ms)
			ReleaseScriptCaches (1ms)
			RebuildScriptCaches (47ms)
			SetupLoadedEditorAssemblies (315ms)
				LogAssemblyErrors (0ms)
				InitializePlatformSupportModulesInManaged (5ms)
				SetLoadedEditorAssemblies (0ms)
				RefreshPlugins (1ms)
				BeforeProcessingInitializeOnLoad (97ms)
				ProcessInitializeOnLoadAttributes (197ms)
				ProcessInitializeOnLoadMethodAttributes (6ms)
				AfterProcessingInitializeOnLoad (8ms)
				EditorAssembliesLoaded (0ms)
			ExecutionOrderSort2 (0ms)
			AwakeInstancesAfterBackupRestoration (11ms)
Platform modules already initialized, skipping
Refreshing native plugins compatible for Editor in 0.59 ms, found 3 plugins.
Preloading 0 native plugins for Editor in 0.00 ms.
Unloading 2081 Unused Serialized files (Serialized files now loaded: 0)
System memory in use before: 96.1 MB.
System memory in use after: 96.1 MB.

Unloading 21 unused Assets to reduce memory usage. Loaded Objects now: 2629.
Total: 2.577500 ms (FindLiveObjects: 0.200800 ms CreateObjectMapping: 0.092300 ms MarkObjects: 2.147000 ms  DeleteObjects: 0.136400 ms)

AssetImportParameters requested are different than current active one (requested -> active):
  custom:framework-win-MediaFoundation: 216162199b28c13a410421893ffa2e32 -> 
  custom:video-decoder-ogg-theora: a1e56fd34408186e4bbccfd4996cb3dc -> 
  custom:container-muxer-webm: aa71ff27fc2769a1b78a27578f13a17b -> 
  custom:container-demuxer-webm: 4f35f7cbe854078d1ac9338744f61a02 -> 
  custom:container-demuxer-ogg: 62fdf1f143b41e24485cea50d1cbac27 -> 
  custom:video-encoder-webm-vp8: eb34c28f22e8b96e1ab97ce403110664 -> 
  custom:video-decoder-webm-vp8: 9c59270c3fd7afecdb556c50c9e8de78 -> 
  custom:audio-decoder-ogg-vorbis: bf7c407c2cedff20999df2af8eb42d56 -> 
  custom:audio-encoder-webm-vorbis: bf7c407c2cedff20999df2af8eb42d56 -> 
========================================================================
Received Import Request.
  Time since last request: 214.760483 seconds.
  path: Assets/sprites/Tuberias.png
  artifactKey: Guid(8e5544290460ff34189bebac6e248287) Importer(815301076,1909f56bfc062723c751e8b465ee728b)
Start importing Assets/sprites/Tuberias.png using Guid(8e5544290460ff34189bebac6e248287) Importer(815301076,1909f56bfc062723c751e8b465ee728b)  -> (artifact id: '625344dde1ff13d28548201fca7bf57d') in 0.041747 seconds 
  Import took 0.045933 seconds .

========================================================================
Received Import Request.
  Time since last request: 24.681519 seconds.
  path: Assets/sprites/Tuberias.png
  artifactKey: Guid(8e5544290460ff34189bebac6e248287) Importer(815301076,1909f56bfc062723c751e8b465ee728b)
Start importing Assets/sprites/Tuberias.png using Guid(8e5544290460ff34189bebac6e248287) Importer(815301076,1909f56bfc062723c751e8b465ee728b)  -> (artifact id: '00a458ec6011faee9162f2eb00c0915f') in 0.032267 seconds 
  Import took 0.036427 seconds .

========================================================================
Received Prepare
Registering precompiled user dll's ...
Registered in 0.005415 seconds.
Begin MonoManager ReloadAssembly
Native extension for WindowsStandalone target not found
Refreshing native plugins compatible for Editor in 0.55 ms, found 3 plugins.
Preloading 0 native plugins for Editor in 0.00 ms.
Mono: successfully reloaded assembly
- Completed reload, in  1.219 seconds
Domain Reload Profiling:
	ReloadAssembly (1220ms)
		BeginReloadAssembly (146ms)
			ExecutionOrderSort (0ms)
			DisableScriptedObjects (9ms)
			BackupInstance (0ms)
			ReleaseScriptingObjects (0ms)
			CreateAndSetChildDomain (45ms)
		EndReloadAssembly (987ms)
			LoadAssemblies (125ms)
			RebuildTransferFunctionScriptingTraits (0ms)
			SetupTypeCache (343ms)
			ReleaseScriptCaches (1ms)
			RebuildScriptCaches (44ms)
			SetupLoadedEditorAssemblies (348ms)
				LogAssemblyErrors (0ms)
				InitializePlatformSupportModulesInManaged (8ms)
				SetLoadedEditorAssemblies (1ms)
				RefreshPlugins (1ms)
				BeforeProcessingInitializeOnLoad (129ms)
				ProcessInitializeOnLoadAttributes (195ms)
				ProcessInitializeOnLoadMethodAttributes (7ms)
				AfterProcessingInitializeOnLoad (7ms)
				EditorAssembliesLoaded (0ms)
			ExecutionOrderSort2 (0ms)
			AwakeInstancesAfterBackupRestoration (12ms)
Platform modules already initialized, skipping
Refreshing native plugins compatible for Editor in 0.46 ms, found 3 plugins.
Preloading 0 native plugins for Editor in 0.00 ms.
Unloading 2081 Unused Serialized files (Serialized files now loaded: 0)
System memory in use before: 96.2 MB.
System memory in use after: 96.1 MB.

Unloading 21 unused Assets to reduce memory usage. Loaded Objects now: 2636.
Total: 2.524300 ms (FindLiveObjects: 0.210700 ms CreateObjectMapping: 0.090100 ms MarkObjects: 2.016600 ms  DeleteObjects: 0.205800 ms)

AssetImportParameters requested are different than current active one (requested -> active):
  custom:framework-win-MediaFoundation: 216162199b28c13a410421893ffa2e32 -> 
  custom:video-decoder-ogg-theora: a1e56fd34408186e4bbccfd4996cb3dc -> 
  custom:container-muxer-webm: aa71ff27fc2769a1b78a27578f13a17b -> 
  custom:container-demuxer-webm: 4f35f7cbe854078d1ac9338744f61a02 -> 
  custom:container-demuxer-ogg: 62fdf1f143b41e24485cea50d1cbac27 -> 
  custom:video-encoder-webm-vp8: eb34c28f22e8b96e1ab97ce403110664 -> 
  custom:video-decoder-webm-vp8: 9c59270c3fd7afecdb556c50c9e8de78 -> 
  custom:audio-decoder-ogg-vorbis: bf7c407c2cedff20999df2af8eb42d56 -> 
  custom:audio-encoder-webm-vorbis: bf7c407c2cedff20999df2af8eb42d56 -> 
========================================================================
Received Import Request.
  Time since last request: 1214.245088 seconds.
  path: Assets/sprites/Ladrillos.png
  artifactKey: Guid(2273f9489f051684daf7e9e10302dfaa) Importer(815301076,1909f56bfc062723c751e8b465ee728b)
Start importing Assets/sprites/Ladrillos.png using Guid(2273f9489f051684daf7e9e10302dfaa) Importer(815301076,1909f56bfc062723c751e8b465ee728b)  -> (artifact id: '66e1204cccd02b1494b95ea65a9feef3') in 0.065146 seconds 
  Import took 0.070855 seconds .

========================================================================
Received Import Request.
  Time since last request: 482.720418 seconds.
  path: Assets/sprites/Banderas.png
  artifactKey: Guid(7281f9d08e3fb5945a5ded4b508e390c) Importer(815301076,1909f56bfc062723c751e8b465ee728b)
Start importing Assets/sprites/Banderas.png using Guid(7281f9d08e3fb5945a5ded4b508e390c) Importer(815301076,1909f56bfc062723c751e8b465ee728b)  -> (artifact id: '228af2e5df10f19a78213d8393e97d2c') in 0.013651 seconds 
  Import took 0.019778 seconds .

========================================================================
Received Import Request.
  Time since last request: 13.335662 seconds.
  path: Assets/sprites/Banderas.png
  artifactKey: Guid(7281f9d08e3fb5945a5ded4b508e390c) Importer(815301076,1909f56bfc062723c751e8b465ee728b)
Start importing Assets/sprites/Banderas.png using Guid(7281f9d08e3fb5945a5ded4b508e390c) Importer(815301076,1909f56bfc062723c751e8b465ee728b)  -> (artifact id: '3a8b4f13ace723c7b7d79f478967f13d') in 0.017366 seconds 
  Import took 0.021522 seconds .

========================================================================
Received Import Request.
  Time since last request: 16.056418 seconds.
  path: Assets/sprites/Banderas.png
  artifactKey: Guid(7281f9d08e3fb5945a5ded4b508e390c) Importer(815301076,1909f56bfc062723c751e8b465ee728b)
Start importing Assets/sprites/Banderas.png using Guid(7281f9d08e3fb5945a5ded4b508e390c) Importer(815301076,1909f56bfc062723c751e8b465ee728b)  -> (artifact id: '0cbc7ef53a38b2112fca9472c6342781') in 0.012716 seconds 
  Import took 0.017429 seconds .

========================================================================
Received Import Request.
  Time since last request: 33.216685 seconds.
  path: Assets/sprites/Castillo.png
  artifactKey: Guid(34d70e4b812be574d97f96435cf2a28b) Importer(815301076,1909f56bfc062723c751e8b465ee728b)
Start importing Assets/sprites/Castillo.png using Guid(34d70e4b812be574d97f96435cf2a28b) Importer(815301076,1909f56bfc062723c751e8b465ee728b)  -> (artifact id: 'dc89030e44feafe0f1848f21b033a676') in 0.013396 seconds 
  Import took 0.017673 seconds .

========================================================================
Received Import Request.
  Time since last request: 18.861409 seconds.
  path: Assets/sprites/Castillo.png
  artifactKey: Guid(34d70e4b812be574d97f96435cf2a28b) Importer(815301076,1909f56bfc062723c751e8b465ee728b)
Start importing Assets/sprites/Castillo.png using Guid(34d70e4b812be574d97f96435cf2a28b) Importer(815301076,1909f56bfc062723c751e8b465ee728b)  -> (artifact id: 'b923a9c1f89461bdc04aea258713b2a7') in 0.015464 seconds 
  Import took 0.020427 seconds .

========================================================================
Received Prepare
Registering precompiled user dll's ...
Registered in 0.003827 seconds.
Begin MonoManager ReloadAssembly
Native extension for WindowsStandalone target not found
Refreshing native plugins compatible for Editor in 0.55 ms, found 3 plugins.
Preloading 0 native plugins for Editor in 0.00 ms.
Mono: successfully reloaded assembly
- Completed reload, in  1.074 seconds
Domain Reload Profiling:
	ReloadAssembly (1074ms)
		BeginReloadAssembly (124ms)
			ExecutionOrderSort (0ms)
			DisableScriptedObjects (6ms)
			BackupInstance (0ms)
			ReleaseScriptingObjects (0ms)
			CreateAndSetChildDomain (34ms)
		EndReloadAssembly (884ms)
			LoadAssemblies (94ms)
			RebuildTransferFunctionScriptingTraits (0ms)
			SetupTypeCache (299ms)
			ReleaseScriptCaches (1ms)
			RebuildScriptCaches (47ms)
			SetupLoadedEditorAssemblies (322ms)
				LogAssemblyErrors (0ms)
				InitializePlatformSupportModulesInManaged (5ms)
				SetLoadedEditorAssemblies (1ms)
				RefreshPlugins (1ms)
				BeforeProcessingInitializeOnLoad (101ms)
				ProcessInitializeOnLoadAttributes (201ms)
				ProcessInitializeOnLoadMethodAttributes (6ms)
				AfterProcessingInitializeOnLoad (7ms)
				EditorAssembliesLoaded (0ms)
			ExecutionOrderSort2 (0ms)
			AwakeInstancesAfterBackupRestoration (12ms)
Platform modules already initialized, skipping
Refreshing native plugins compatible for Editor in 0.54 ms, found 3 plugins.
Preloading 0 native plugins for Editor in 0.00 ms.
Unloading 2081 Unused Serialized files (Serialized files now loaded: 0)
System memory in use before: 96.2 MB.
System memory in use after: 96.2 MB.

Unloading 21 unused Assets to reduce memory usage. Loaded Objects now: 2643.
Total: 2.474300 ms (FindLiveObjects: 0.194500 ms CreateObjectMapping: 0.085900 ms MarkObjects: 2.054800 ms  DeleteObjects: 0.138200 ms)

AssetImportParameters requested are different than current active one (requested -> active):
  custom:framework-win-MediaFoundation: 216162199b28c13a410421893ffa2e32 -> 
  custom:video-decoder-ogg-theora: a1e56fd34408186e4bbccfd4996cb3dc -> 
  custom:container-muxer-webm: aa71ff27fc2769a1b78a27578f13a17b -> 
  custom:container-demuxer-webm: 4f35f7cbe854078d1ac9338744f61a02 -> 
  custom:container-demuxer-ogg: 62fdf1f143b41e24485cea50d1cbac27 -> 
  custom:video-encoder-webm-vp8: eb34c28f22e8b96e1ab97ce403110664 -> 
  custom:video-decoder-webm-vp8: 9c59270c3fd7afecdb556c50c9e8de78 -> 
  custom:audio-decoder-ogg-vorbis: bf7c407c2cedff20999df2af8eb42d56 -> 
  custom:audio-encoder-webm-vorbis: bf7c407c2cedff20999df2af8eb42d56 -> 
AssetImportWorkerClient::OnTransportError - code=2 error=End of file
